Checking dataset paths:
Training Path: D:\ACADEMICS\THESIS\Datasets\final\01_ff40_unaltered\train
Validation Path: D:\ACADEMICS\THESIS\Datasets\final\01_ff40_unaltered\train
Checking if 'D:\ACADEMICS\THESIS\Datasets\final\01_ff40_unaltered\train\real' exists: True
Checking if 'D:\ACADEMICS\THESIS\Datasets\final\01_ff40_unaltered\train\fake' exists: True
train.py  --dataroot  D:\ACADEMICS\THESIS\Datasets\final\01_ff40_unaltered\train  --batch_size  4  --lr  0.001  --niter  50
Final dataset root: D:\ACADEMICS\THESIS\Datasets\final\01_ff40_unaltered\train
init:Checking if 'D:\ACADEMICS\THESIS\Datasets\final\01_ff40_unaltered\train\real' exists: True
init:Checking if 'D:\ACADEMICS\THESIS\Datasets\final\01_ff40_unaltered\train\fake' exists: True
Checking dataset at: D:\ACADEMICS\THESIS\Datasets\final\01_ff40_unaltered\train
datasets:Checking if 'D:\ACADEMICS\THESIS\Datasets\final\01_ff40_unaltered\train\real' exists: True
datasets:Checking if 'D:\ACADEMICS\THESIS\Datasets\final\01_ff40_unaltered\train\fake' exists: True
Files in D:\ACADEMICS\THESIS\Datasets\final\01_ff40_unaltered\train\real: ['000_face_150.jpg', '000_face_320.jpg', '000_face_80.jpg', '000_oversample_10121.png', '000_oversample_12281.png'] ... (22664 total)
Files in D:\ACADEMICS\THESIS\Datasets\final\01_ff40_unaltered\train\fake: ['000_003_face_100.jpg', '000_003_face_110.jpg', '000_003_face_120.jpg', '000_003_face_150.jpg', '000_003_face_160.jpg'] ... (22664 total)
Final dataset root: D:\ACADEMICS\THESIS\Datasets\final\01_ff40_unaltered\train
init:Checking if 'D:\ACADEMICS\THESIS\Datasets\final\01_ff40_unaltered\train\real' exists: True
init:Checking if 'D:\ACADEMICS\THESIS\Datasets\final\01_ff40_unaltered\train\fake' exists: True
Checking dataset at: D:\ACADEMICS\THESIS\Datasets\final\01_ff40_unaltered\train
datasets:Checking if 'D:\ACADEMICS\THESIS\Datasets\final\01_ff40_unaltered\train\real' exists: True
datasets:Checking if 'D:\ACADEMICS\THESIS\Datasets\final\01_ff40_unaltered\train\fake' exists: True
Files in D:\ACADEMICS\THESIS\Datasets\final\01_ff40_unaltered\train\real: ['000_face_150.jpg', '000_face_320.jpg', '000_face_80.jpg', '000_oversample_10121.png', '000_oversample_12281.png'] ... (22664 total)
Files in D:\ACADEMICS\THESIS\Datasets\final\01_ff40_unaltered\train\fake: ['000_003_face_100.jpg', '000_003_face_110.jpg', '000_003_face_120.jpg', '000_003_face_150.jpg', '000_003_face_160.jpg'] ... (22664 total)
==================== requires_grad Ture weight1
==================== requires_grad Ture bias1
==================== requires_grad Ture weight2
==================== requires_grad Ture bias2
==================== requires_grad Ture weight3
==================== requires_grad Ture bias3
==================== requires_grad Ture weight4
==================== requires_grad Ture bias4
==================== requires_grad Ture realconv1.weight
==================== requires_grad Ture imagconv1.weight
==================== requires_grad Ture realconv2.weight
==================== requires_grad Ture imagconv2.weight
==================== requires_grad Ture realconv3.weight
==================== requires_grad Ture imagconv3.weight
==================== requires_grad Ture realconv4.weight
==================== requires_grad Ture imagconv4.weight
==================== requires_grad Ture layer1.0.conv1.weight
==================== requires_grad Ture layer1.0.bn1.weight
==================== requires_grad Ture layer1.0.bn1.bias
==================== requires_grad Ture layer1.0.conv2.weight
==================== requires_grad Ture layer1.0.bn2.weight
==================== requires_grad Ture layer1.0.bn2.bias
==================== requires_grad Ture layer1.0.conv3.weight
==================== requires_grad Ture layer1.0.bn3.weight
==================== requires_grad Ture layer1.0.bn3.bias
==================== requires_grad Ture layer1.0.downsample.0.weight
==================== requires_grad Ture layer1.0.downsample.1.weight
==================== requires_grad Ture layer1.0.downsample.1.bias
==================== requires_grad Ture layer1.1.conv1.weight
==================== requires_grad Ture layer1.1.bn1.weight
==================== requires_grad Ture layer1.1.bn1.bias
==================== requires_grad Ture layer1.1.conv2.weight
==================== requires_grad Ture layer1.1.bn2.weight
==================== requires_grad Ture layer1.1.bn2.bias
==================== requires_grad Ture layer1.1.conv3.weight
==================== requires_grad Ture layer1.1.bn3.weight
==================== requires_grad Ture layer1.1.bn3.bias
==================== requires_grad Ture layer1.2.conv1.weight
==================== requires_grad Ture layer1.2.bn1.weight
==================== requires_grad Ture layer1.2.bn1.bias
==================== requires_grad Ture layer1.2.conv2.weight
==================== requires_grad Ture layer1.2.bn2.weight
==================== requires_grad Ture layer1.2.bn2.bias
==================== requires_grad Ture layer1.2.conv3.weight
==================== requires_grad Ture layer1.2.bn3.weight
==================== requires_grad Ture layer1.2.bn3.bias
==================== requires_grad Ture layer2.0.conv1.weight
==================== requires_grad Ture layer2.0.bn1.weight
==================== requires_grad Ture layer2.0.bn1.bias
==================== requires_grad Ture layer2.0.conv2.weight
==================== requires_grad Ture layer2.0.bn2.weight
==================== requires_grad Ture layer2.0.bn2.bias
==================== requires_grad Ture layer2.0.conv3.weight
==================== requires_grad Ture layer2.0.bn3.weight
==================== requires_grad Ture layer2.0.bn3.bias
==================== requires_grad Ture layer2.0.downsample.0.weight
==================== requires_grad Ture layer2.0.downsample.1.weight
==================== requires_grad Ture layer2.0.downsample.1.bias
==================== requires_grad Ture layer2.1.conv1.weight
==================== requires_grad Ture layer2.1.bn1.weight
==================== requires_grad Ture layer2.1.bn1.bias
==================== requires_grad Ture layer2.1.conv2.weight
==================== requires_grad Ture layer2.1.bn2.weight
==================== requires_grad Ture layer2.1.bn2.bias
==================== requires_grad Ture layer2.1.conv3.weight
==================== requires_grad Ture layer2.1.bn3.weight
==================== requires_grad Ture layer2.1.bn3.bias
==================== requires_grad Ture layer2.2.conv1.weight
==================== requires_grad Ture layer2.2.bn1.weight
==================== requires_grad Ture layer2.2.bn1.bias
==================== requires_grad Ture layer2.2.conv2.weight
==================== requires_grad Ture layer2.2.bn2.weight
==================== requires_grad Ture layer2.2.bn2.bias
==================== requires_grad Ture layer2.2.conv3.weight
==================== requires_grad Ture layer2.2.bn3.weight
==================== requires_grad Ture layer2.2.bn3.bias
==================== requires_grad Ture layer2.3.conv1.weight
==================== requires_grad Ture layer2.3.bn1.weight
==================== requires_grad Ture layer2.3.bn1.bias
==================== requires_grad Ture layer2.3.conv2.weight
==================== requires_grad Ture layer2.3.bn2.weight
==================== requires_grad Ture layer2.3.bn2.bias
==================== requires_grad Ture layer2.3.conv3.weight
==================== requires_grad Ture layer2.3.bn3.weight
==================== requires_grad Ture layer2.3.bn3.bias
==================== requires_grad Ture fc1.weight
==================== requires_grad Ture fc1.bias

Current Working Directory: D:\ACADEMICS\THESIS\FreqNet-DeepfakeDetection
2025_03_05_16_53_47 - Train Loss: 0.6875 at step 400, lr 0.001000
2025_03_05_17_01_05 - Train Loss: 0.7001 at step 800, lr 0.001000
2025_03_05_17_08_23 - Train Loss: 0.6547 at step 1200, lr 0.001000
2025_03_05_17_15_40 - Train Loss: 0.9929 at step 1600, lr 0.001000
2025_03_05_17_22_58 - Train Loss: 0.8050 at step 2000, lr 0.001000
2025_03_05_17_30_16 - Train Loss: 0.7023 at step 2400, lr 0.001000
2025_03_05_17_37_34 - Train Loss: 0.6735 at step 2800, lr 0.001000
2025_03_05_17_44_52 - Train Loss: 0.3194 at step 3200, lr 0.001000
2025_03_05_17_52_20 - Train Loss: 0.7339 at step 3600, lr 0.001000
2025_03_05_17_59_39 - Train Loss: 0.6257 at step 4000, lr 0.001000
2025_03_05_18_06_57 - Train Loss: 0.2373 at step 4400, lr 0.001000
2025_03_05_18_14_15 - Train Loss: 0.9713 at step 4800, lr 0.001000
2025_03_05_18_21_32 - Train Loss: 0.4782 at step 5200, lr 0.001000
2025_03_05_18_28_50 - Train Loss: 0.5673 at step 5600, lr 0.001000
2025_03_05_18_36_08 - Train Loss: 0.3216 at step 6000, lr 0.001000
2025_03_05_18_43_25 - Train Loss: 0.8474 at step 6400, lr 0.001000
2025_03_05_18_50_42 - Train Loss: 0.6260 at step 6800, lr 0.001000
2025_03_05_18_58_00 - Train Loss: 0.3343 at step 7200, lr 0.001000
2025_03_05_19_05_17 - Train Loss: 0.5688 at step 7600, lr 0.001000
