Checking dataset paths:
Training Path: D:\ACADEMICS\THESIS\Datasets\final\01_ff40_unaltered\train
Validation Path: D:\ACADEMICS\THESIS\Datasets\final\01_ff40_unaltered\train
Checking if 'D:\ACADEMICS\THESIS\Datasets\final\01_ff40_unaltered\train\real' exists: True
Checking if 'D:\ACADEMICS\THESIS\Datasets\final\01_ff40_unaltered\train\fake' exists: True
train.py  --dataroot  D:\ACADEMICS\THESIS\Datasets\final\01_ff40_unaltered\train  --batch_size  32  --lr  0.001  --niter  50
Final dataset root: D:\ACADEMICS\THESIS\Datasets\final\01_ff40_unaltered\train
init:Checking if 'D:\ACADEMICS\THESIS\Datasets\final\01_ff40_unaltered\train\real' exists: True
init:Checking if 'D:\ACADEMICS\THESIS\Datasets\final\01_ff40_unaltered\train\fake' exists: True
Checking dataset at: D:\ACADEMICS\THESIS\Datasets\final\01_ff40_unaltered\train
datasets:Checking if 'D:\ACADEMICS\THESIS\Datasets\final\01_ff40_unaltered\train\real' exists: True
datasets:Checking if 'D:\ACADEMICS\THESIS\Datasets\final\01_ff40_unaltered\train\fake' exists: True
Files in D:\ACADEMICS\THESIS\Datasets\final\01_ff40_unaltered\train\real: ['000_face_150.jpg', '000_face_320.jpg', '000_face_80.jpg', '000_oversample_10121.png', '000_oversample_12281.png'] ... (22664 total)
Files in D:\ACADEMICS\THESIS\Datasets\final\01_ff40_unaltered\train\fake: ['000_003_face_100.jpg', '000_003_face_110.jpg', '000_003_face_120.jpg', '000_003_face_150.jpg', '000_003_face_160.jpg'] ... (22664 total)
Final dataset root: D:\ACADEMICS\THESIS\Datasets\final\01_ff40_unaltered\train
init:Checking if 'D:\ACADEMICS\THESIS\Datasets\final\01_ff40_unaltered\train\real' exists: True
init:Checking if 'D:\ACADEMICS\THESIS\Datasets\final\01_ff40_unaltered\train\fake' exists: True
Checking dataset at: D:\ACADEMICS\THESIS\Datasets\final\01_ff40_unaltered\train
datasets:Checking if 'D:\ACADEMICS\THESIS\Datasets\final\01_ff40_unaltered\train\real' exists: True
datasets:Checking if 'D:\ACADEMICS\THESIS\Datasets\final\01_ff40_unaltered\train\fake' exists: True
Files in D:\ACADEMICS\THESIS\Datasets\final\01_ff40_unaltered\train\real: ['000_face_150.jpg', '000_face_320.jpg', '000_face_80.jpg', '000_oversample_10121.png', '000_oversample_12281.png'] ... (22664 total)
Files in D:\ACADEMICS\THESIS\Datasets\final\01_ff40_unaltered\train\fake: ['000_003_face_100.jpg', '000_003_face_110.jpg', '000_003_face_120.jpg', '000_003_face_150.jpg', '000_003_face_160.jpg'] ... (22664 total)
==================== requires_grad Ture weight1
==================== requires_grad Ture bias1
==================== requires_grad Ture weight2
==================== requires_grad Ture bias2
==================== requires_grad Ture weight3
==================== requires_grad Ture bias3
==================== requires_grad Ture weight4
==================== requires_grad Ture bias4
==================== requires_grad Ture realconv1.weight
==================== requires_grad Ture imagconv1.weight
==================== requires_grad Ture realconv2.weight
==================== requires_grad Ture imagconv2.weight
==================== requires_grad Ture realconv3.weight
==================== requires_grad Ture imagconv3.weight
==================== requires_grad Ture realconv4.weight
==================== requires_grad Ture imagconv4.weight
==================== requires_grad Ture layer1.0.conv1.weight
==================== requires_grad Ture layer1.0.bn1.weight
==================== requires_grad Ture layer1.0.bn1.bias
==================== requires_grad Ture layer1.0.conv2.weight
==================== requires_grad Ture layer1.0.bn2.weight
==================== requires_grad Ture layer1.0.bn2.bias
==================== requires_grad Ture layer1.0.conv3.weight
==================== requires_grad Ture layer1.0.bn3.weight
==================== requires_grad Ture layer1.0.bn3.bias
==================== requires_grad Ture layer1.0.downsample.0.weight
==================== requires_grad Ture layer1.0.downsample.1.weight
==================== requires_grad Ture layer1.0.downsample.1.bias
==================== requires_grad Ture layer1.1.conv1.weight
==================== requires_grad Ture layer1.1.bn1.weight
==================== requires_grad Ture layer1.1.bn1.bias
==================== requires_grad Ture layer1.1.conv2.weight
==================== requires_grad Ture layer1.1.bn2.weight
==================== requires_grad Ture layer1.1.bn2.bias
==================== requires_grad Ture layer1.1.conv3.weight
==================== requires_grad Ture layer1.1.bn3.weight
==================== requires_grad Ture layer1.1.bn3.bias
==================== requires_grad Ture layer1.2.conv1.weight
==================== requires_grad Ture layer1.2.bn1.weight
==================== requires_grad Ture layer1.2.bn1.bias
==================== requires_grad Ture layer1.2.conv2.weight
==================== requires_grad Ture layer1.2.bn2.weight
==================== requires_grad Ture layer1.2.bn2.bias
==================== requires_grad Ture layer1.2.conv3.weight
==================== requires_grad Ture layer1.2.bn3.weight
==================== requires_grad Ture layer1.2.bn3.bias
==================== requires_grad Ture layer2.0.conv1.weight
==================== requires_grad Ture layer2.0.bn1.weight
==================== requires_grad Ture layer2.0.bn1.bias
==================== requires_grad Ture layer2.0.conv2.weight
==================== requires_grad Ture layer2.0.bn2.weight
==================== requires_grad Ture layer2.0.bn2.bias
==================== requires_grad Ture layer2.0.conv3.weight
==================== requires_grad Ture layer2.0.bn3.weight
==================== requires_grad Ture layer2.0.bn3.bias
==================== requires_grad Ture layer2.0.downsample.0.weight
==================== requires_grad Ture layer2.0.downsample.1.weight
==================== requires_grad Ture layer2.0.downsample.1.bias
==================== requires_grad Ture layer2.1.conv1.weight
==================== requires_grad Ture layer2.1.bn1.weight
==================== requires_grad Ture layer2.1.bn1.bias
==================== requires_grad Ture layer2.1.conv2.weight
==================== requires_grad Ture layer2.1.bn2.weight
==================== requires_grad Ture layer2.1.bn2.bias
==================== requires_grad Ture layer2.1.conv3.weight
==================== requires_grad Ture layer2.1.bn3.weight
==================== requires_grad Ture layer2.1.bn3.bias
==================== requires_grad Ture layer2.2.conv1.weight
==================== requires_grad Ture layer2.2.bn1.weight
==================== requires_grad Ture layer2.2.bn1.bias
==================== requires_grad Ture layer2.2.conv2.weight
==================== requires_grad Ture layer2.2.bn2.weight
==================== requires_grad Ture layer2.2.bn2.bias
==================== requires_grad Ture layer2.2.conv3.weight
==================== requires_grad Ture layer2.2.bn3.weight
==================== requires_grad Ture layer2.2.bn3.bias
==================== requires_grad Ture layer2.3.conv1.weight
==================== requires_grad Ture layer2.3.bn1.weight
==================== requires_grad Ture layer2.3.bn1.bias
==================== requires_grad Ture layer2.3.conv2.weight
==================== requires_grad Ture layer2.3.bn2.weight
==================== requires_grad Ture layer2.3.bn2.bias
==================== requires_grad Ture layer2.3.conv3.weight
==================== requires_grad Ture layer2.3.bn3.weight
==================== requires_grad Ture layer2.3.bn3.bias
==================== requires_grad Ture fc1.weight
==================== requires_grad Ture fc1.bias

Current Working Directory: D:\ACADEMICS\THESIS\FreqNet-DeepfakeDetection
